# JRE version: OpenJDK Runtime Environment Temurin-17.0.5+8 (17.0.5+8) (build 17.0.5+8)
# Java VM: OpenJDK 64-Bit Server VM Temurin-17.0.5+8 (17.0.5+8, mixed mode, tiered, compressed oops, compressed class ptrs, g1 gc, bsd-amd64)
GC Precious Log:
 CPUs: 4 total, 4 available
 Memory: 6144M
 Large Page Support: Disabled
 NUMA Support: Disabled
 Compressed Oops: Enabled (Zero based)
 Heap Region Size: 1M
 Heap Min Capacity: 8M
 Heap Initial Capacity: 96M
 Heap Max Capacity: 1536M
 Pre-touch: Disabled
 Parallel Workers: 4
 Concurrent Workers: 1
 Concurrent Refinement Workers: 4
 Periodic GC: Disabled
Heap:
 garbage-first heap   total 106496K, used 30806K [0x00000007a0000000, 0x0000000800000000)
  region size 1024K, 5 young (5120K), 2 survivors (2048K)
 Metaspace       used 41412K, committed 41792K, reserved 1089536K
  class space    used 5368K, committed 5568K, reserved 1048576K
GC Heap History (20 events):
Event: 16.914 GC heap before
{Heap before GC invocations=19 (full 0):
 garbage-first heap   total 53248K, used 36279K [0x00000007a0000000, 0x0000000800000000)
  region size 1024K, 10 young (10240K), 2 survivors (2048K)
 Metaspace       used 38089K, committed 38464K, reserved 1089536K
  class space    used 4949K, committed 5120K, reserved 1048576K
}
Event: 16.922 GC heap after
{Heap after GC invocations=20 (full 0):
 garbage-first heap   total 53248K, used 29913K [0x00000007a0000000, 0x0000000800000000)
  region size 1024K, 2 young (2048K), 2 survivors (2048K)
 Metaspace       used 38089K, committed 38464K, reserved 1089536K
  class space    used 4949K, committed 5120K, reserved 1048576K
}
Event: 17.515 GC heap before
{Heap before GC invocations=20 (full 0):
 garbage-first heap   total 53248K, used 40153K [0x00000007a0000000, 0x0000000800000000)
  region size 1024K, 13 young (13312K), 2 survivors (2048K)
 Metaspace       used 39822K, committed 40256K, reserved 1089536K
  class space    used 5243K, committed 5440K, reserved 1048576K
}
Event: 17.521 GC heap after
{Heap after GC invocations=21 (full 0):
 garbage-first heap   total 53248K, used 30873K [0x00000007a0000000, 0x0000000800000000)
  region size 1024K, 2 young (2048K), 2 survivors (2048K)
 Metaspace       used 39822K, committed 40256K, reserved 1089536K
  class space    used 5243K, committed 5440K, reserved 1048576K
}
Event: 100.148 GC heap before
{Heap before GC invocations=22 (full 0):
 garbage-first heap   total 55296K, used 42137K [0x00000007a0000000, 0x0000000800000000)
  region size 1024K, 13 young (13312K), 2 survivors (2048K)
 Metaspace       used 40751K, committed 41152K, reserved 1089536K
  class space    used 5358K, committed 5568K, reserved 1048576K
}
Event: 100.193 GC heap after
{Heap after GC invocations=23 (full 0):
 garbage-first heap   total 55296K, used 32324K [0x00000007a0000000, 0x0000000800000000)
  region size 1024K, 2 young (2048K), 2 survivors (2048K)
 Metaspace       used 40751K, committed 41152K, reserved 1089536K
  class space    used 5358K, committed 5568K, reserved 1048576K
}
Event: 100.256 GC heap before
{Heap before GC invocations=23 (full 0):
 garbage-first heap   total 55296K, used 33348K [0x00000007a0000000, 0x0000000800000000)
  region size 1024K, 3 young (3072K), 2 survivors (2048K)
 Metaspace       used 40786K, committed 41216K, reserved 1089536K
  class space    used 5359K, committed 5568K, reserved 1048576K
}
Event: 100.307 GC heap after
{Heap after GC invocations=24 (full 0):
 garbage-first heap   total 55296K, used 29445K [0x00000007a0000000, 0x0000000800000000)
  region size 1024K, 1 young (1024K), 1 survivors (1024K)
 Metaspace       used 40786K, committed 41216K, reserved 1089536K
  class space    used 5359K, committed 5568K, reserved 1048576K
}
Event: 100.336 GC heap before
{Heap before GC invocations=24 (full 0):
 garbage-first heap   total 55296K, used 30469K [0x00000007a0000000, 0x0000000800000000)
  region size 1024K, 2 young (2048K), 1 survivors (1024K)
 Metaspace       used 40788K, committed 41216K, reserved 1089536K
  class space    used 5359K, committed 5568K, reserved 1048576K
}
Event: 100.343 GC heap after
{Heap after GC invocations=25 (full 0):
 garbage-first heap   total 55296K, used 29456K [0x00000007a0000000, 0x0000000800000000)
  region size 1024K, 1 young (1024K), 1 survivors (1024K)
 Metaspace       used 40788K, committed 41216K, reserved 1089536K
  class space    used 5359K, committed 5568K, reserved 1048576K
}
Event: 296.296 GC heap before
{Heap before GC invocations=25 (full 0):
 garbage-first heap   total 55296K, used 40720K [0x00000007a0000000, 0x0000000800000000)
  region size 1024K, 13 young (13312K), 1 survivors (1024K)
 Metaspace       used 40883K, committed 41280K, reserved 1089536K
  class space    used 5360K, committed 5568K, reserved 1048576K
}
Event: 296.317 GC heap after
{Heap after GC invocations=26 (full 0):
 garbage-first heap   total 55296K, used 29831K [0x00000007a0000000, 0x0000000800000000)
  region size 1024K, 1 young (1024K), 1 survivors (1024K)
 Metaspace       used 40883K, committed 41280K, reserved 1089536K
  class space    used 5360K, committed 5568K, reserved 1048576K
}
Event: 433.036 GC heap before
{Heap before GC invocations=27 (full 0):
 garbage-first heap   total 55296K, used 42119K [0x00000007a0000000, 0x0000000800000000)
  region size 1024K, 14 young (14336K), 1 survivors (1024K)
 Metaspace       used 40912K, committed 41344K, reserved 1089536K
  class space    used 5362K, committed 5568K, reserved 1048576K
}
Event: 433.051 GC heap after
{Heap after GC invocations=28 (full 0):
 garbage-first heap   total 55296K, used 29848K [0x00000007a0000000, 0x0000000800000000)
  region size 1024K, 1 young (1024K), 1 survivors (1024K)
 Metaspace       used 40912K, committed 41344K, reserved 1089536K
  class space    used 5362K, committed 5568K, reserved 1048576K
}
Event: 433.055 GC heap before
{Heap before GC invocations=28 (full 0):
 garbage-first heap   total 55296K, used 30872K [0x00000007a0000000, 0x0000000800000000)
  region size 1024K, 2 young (2048K), 1 survivors (1024K)
 Metaspace       used 40912K, committed 41344K, reserved 1089536K
  class space    used 5362K, committed 5568K, reserved 1048576K
}
Event: 433.071 GC heap after
{Heap after GC invocations=29 (full 0):
 garbage-first heap   total 55296K, used 28290K [0x00000007a0000000, 0x0000000800000000)
  region size 1024K, 1 young (1024K), 1 survivors (1024K)
 Metaspace       used 40912K, committed 41344K, reserved 1089536K
  class space    used 5362K, committed 5568K, reserved 1048576K
}
Event: 441.211 GC heap before
{Heap before GC invocations=29 (full 0):
 garbage-first heap   total 55296K, used 42626K [0x00000007a0000000, 0x0000000800000000)
  region size 1024K, 16 young (16384K), 1 survivors (1024K)
 Metaspace       used 41050K, committed 41408K, reserved 1089536K
  class space    used 5363K, committed 5568K, reserved 1048576K
}
Event: 441.222 GC heap after
{Heap after GC invocations=30 (full 0):
 garbage-first heap   total 165888K, used 29071K [0x00000007a0000000, 0x0000000800000000)
  region size 1024K, 2 young (2048K), 2 survivors (2048K)
 Metaspace       used 41050K, committed 41408K, reserved 1089536K
  class space    used 5363K, committed 5568K, reserved 1048576K
}
Event: 3527.825 GC heap before
{Heap before GC invocations=31 (full 0):
 garbage-first heap   total 106496K, used 92559K [0x00000007a0000000, 0x0000000800000000)
  region size 1024K, 66 young (67584K), 2 survivors (2048K)
 Metaspace       used 41398K, committed 41792K, reserved 1089536K
  class space    used 5368K, committed 5568K, reserved 1048576K
}
Event: 3527.973 GC heap after
{Heap after GC invocations=32 (full 0):
 garbage-first heap   total 106496K, used 28758K [0x00000007a0000000, 0x0000000800000000)
  region size 1024K, 2 young (2048K), 2 survivors (2048K)
 Metaspace       used 41398K, committed 41792K, reserved 1089536K
  class space    used 5368K, committed 5568K, reserved 1048576K
}

