# JRE version: OpenJDK Runtime Environment Temurin-17.0.5+8 (17.0.5+8) (build 17.0.5+8)
# Java VM: OpenJDK 64-Bit Server VM Temurin-17.0.5+8 (17.0.5+8, mixed mode, tiered, compressed oops, compressed class ptrs, g1 gc, bsd-amd64)
GC Precious Log:
 CPUs: 4 total, 4 available
 Memory: 6144M
 Large Page Support: Disabled
 NUMA Support: Disabled
 Compressed Oops: Enabled (Zero based)
 Heap Region Size: 1M
 Heap Min Capacity: 8M
 Heap Initial Capacity: 96M
 Heap Max Capacity: 1536M
 Pre-touch: Disabled
 Parallel Workers: 4
 Concurrent Workers: 1
 Concurrent Refinement Workers: 4
 Periodic GC: Disabled
Heap:
 garbage-first heap   total 56320K, used 43431K [0x00000007a0000000, 0x0000000800000000)
  region size 1024K, 12 young (12288K), 1 survivors (1024K)
 Metaspace       used 40635K, committed 41024K, reserved 1089536K
  class space    used 5325K, committed 5504K, reserved 1048576K
GC Heap History (20 events):
Event: 18.085 GC heap after
{Heap after GC invocations=10 (full 0):
 garbage-first heap   total 48128K, used 19878K [0x00000007a0000000, 0x0000000800000000)
  region size 1024K, 3 young (3072K), 3 survivors (3072K)
 Metaspace       used 32488K, committed 32832K, reserved 1081344K
  class space    used 4231K, committed 4416K, reserved 1048576K
}
Event: 19.034 GC heap before
{Heap before GC invocations=10 (full 0):
 garbage-first heap   total 48128K, used 36262K [0x00000007a0000000, 0x0000000800000000)
  region size 1024K, 19 young (19456K), 3 survivors (3072K)
 Metaspace       used 34050K, committed 34432K, reserved 1081344K
  class space    used 4380K, committed 4544K, reserved 1048576K
}
Event: 19.039 GC heap after
{Heap after GC invocations=11 (full 0):
 garbage-first heap   total 48128K, used 21484K [0x00000007a0000000, 0x0000000800000000)
  region size 1024K, 2 young (2048K), 2 survivors (2048K)
 Metaspace       used 34050K, committed 34432K, reserved 1081344K
  class space    used 4380K, committed 4544K, reserved 1048576K
}
Event: 19.802 GC heap before
{Heap before GC invocations=11 (full 0):
 garbage-first heap   total 48128K, used 36844K [0x00000007a0000000, 0x0000000800000000)
  region size 1024K, 17 young (17408K), 2 survivors (2048K)
 Metaspace       used 34327K, committed 34752K, reserved 1081344K
  class space    used 4404K, committed 4608K, reserved 1048576K
}
Event: 19.805 GC heap after
{Heap after GC invocations=12 (full 0):
 garbage-first heap   total 48128K, used 22220K [0x00000007a0000000, 0x0000000800000000)
  region size 1024K, 3 young (3072K), 3 survivors (3072K)
 Metaspace       used 34327K, committed 34752K, reserved 1081344K
  class space    used 4404K, committed 4608K, reserved 1048576K
}
Event: 20.254 GC heap before
{Heap before GC invocations=12 (full 0):
 garbage-first heap   total 48128K, used 36556K [0x00000007a0000000, 0x0000000800000000)
  region size 1024K, 17 young (17408K), 3 survivors (3072K)
 Metaspace       used 34336K, committed 34752K, reserved 1081344K
  class space    used 4404K, committed 4608K, reserved 1048576K
}
Event: 20.258 GC heap after
{Heap after GC invocations=13 (full 0):
 garbage-first heap   total 48128K, used 23031K [0x00000007a0000000, 0x0000000800000000)
  region size 1024K, 2 young (2048K), 2 survivors (2048K)
 Metaspace       used 34336K, committed 34752K, reserved 1081344K
  class space    used 4404K, committed 4608K, reserved 1048576K
}
Event: 20.459 GC heap before
{Heap before GC invocations=13 (full 0):
 garbage-first heap   total 48128K, used 37367K [0x00000007a0000000, 0x0000000800000000)
  region size 1024K, 16 young (16384K), 2 survivors (2048K)
 Metaspace       used 34343K, committed 34752K, reserved 1081344K
  class space    used 4404K, committed 4608K, reserved 1048576K
}
Event: 20.463 GC heap after
{Heap after GC invocations=14 (full 0):
 garbage-first heap   total 48128K, used 24372K [0x00000007a0000000, 0x0000000800000000)
  region size 1024K, 2 young (2048K), 2 survivors (2048K)
 Metaspace       used 34343K, committed 34752K, reserved 1081344K
  class space    used 4404K, committed 4608K, reserved 1048576K
}
Event: 20.735 GC heap before
{Heap before GC invocations=14 (full 0):
 garbage-first heap   total 48128K, used 37684K [0x00000007a0000000, 0x0000000800000000)
  region size 1024K, 15 young (15360K), 2 survivors (2048K)
 Metaspace       used 34348K, committed 34752K, reserved 1081344K
  class space    used 4404K, committed 4608K, reserved 1048576K
}
Event: 20.738 GC heap after
{Heap after GC invocations=15 (full 0):
 garbage-first heap   total 48128K, used 25391K [0x00000007a0000000, 0x0000000800000000)
  region size 1024K, 2 young (2048K), 2 survivors (2048K)
 Metaspace       used 34348K, committed 34752K, reserved 1081344K
  class space    used 4404K, committed 4608K, reserved 1048576K
}
Event: 21.042 GC heap before
{Heap before GC invocations=16 (full 0):
 garbage-first heap   total 55296K, used 35631K [0x00000007a0000000, 0x0000000800000000)
  region size 1024K, 13 young (13312K), 2 survivors (2048K)
 Metaspace       used 34728K, committed 35072K, reserved 1081344K
  class space    used 4454K, committed 4608K, reserved 1048576K
}
Event: 21.054 GC heap after
{Heap after GC invocations=17 (full 0):
 garbage-first heap   total 55296K, used 27101K [0x00000007a0000000, 0x0000000800000000)
  region size 1024K, 2 young (2048K), 2 survivors (2048K)
 Metaspace       used 34728K, committed 35072K, reserved 1081344K
  class space    used 4454K, committed 4608K, reserved 1048576K
}
Event: 21.936 GC heap before
{Heap before GC invocations=17 (full 0):
 garbage-first heap   total 55296K, used 43485K [0x00000007a0000000, 0x0000000800000000)
  region size 1024K, 18 young (18432K), 2 survivors (2048K)
 Metaspace       used 36772K, committed 37120K, reserved 1081344K
  class space    used 4760K, committed 4928K, reserved 1048576K
}
Event: 21.945 GC heap after
{Heap after GC invocations=18 (full 0):
 garbage-first heap   total 55296K, used 28976K [0x00000007a0000000, 0x0000000800000000)
  region size 1024K, 3 young (3072K), 3 survivors (3072K)
 Metaspace       used 36772K, committed 37120K, reserved 1081344K
  class space    used 4760K, committed 4928K, reserved 1048576K
}
Event: 22.875 GC heap before
{Heap before GC invocations=19 (full 0):
 garbage-first heap   total 55296K, used 43312K [0x00000007a0000000, 0x0000000800000000)
  region size 1024K, 17 young (17408K), 3 survivors (3072K)
 Metaspace       used 39185K, committed 39616K, reserved 1089536K
  class space    used 5129K, committed 5312K, reserved 1048576K
}
Event: 22.886 GC heap after
{Heap after GC invocations=20 (full 0):
 garbage-first heap   total 55296K, used 30581K [0x00000007a0000000, 0x0000000800000000)
  region size 1024K, 2 young (2048K), 2 survivors (2048K)
 Metaspace       used 39185K, committed 39616K, reserved 1089536K
  class space    used 5129K, committed 5312K, reserved 1048576K
}
Event: 59.926 GC heap before
{Heap before GC invocations=20 (full 0):
 garbage-first heap   total 55296K, used 42869K [0x00000007a0000000, 0x0000000800000000)
  region size 1024K, 14 young (14336K), 2 survivors (2048K)
 Metaspace       used 40372K, committed 40768K, reserved 1089536K
  class space    used 5312K, committed 5504K, reserved 1048576K
}
Event: 59.933 GC heap after
{Heap after GC invocations=21 (full 0):
 garbage-first heap   total 55296K, used 32167K [0x00000007a0000000, 0x0000000800000000)
  region size 1024K, 2 young (2048K), 2 survivors (2048K)
 Metaspace       used 40372K, committed 40768K, reserved 1089536K
  class space    used 5312K, committed 5504K, reserved 1048576K
}
Event: 454.310 GC heap before
{Heap before GC invocations=22 (full 0):
 garbage-first heap   total 56320K, used 43431K [0x00000007a0000000, 0x0000000800000000)
  region size 1024K, 13 young (13312K), 2 survivors (2048K)
 Metaspace       used 40635K, committed 41024K, reserved 1089536K
  class space    used 5325K, committed 5504K, reserved 1048576K
}

